<?xml version="1.0" encoding="UTF-8"?>
<!-- Generated by org.testng.reporters.JUnitReportReporter -->
<testsuite skipped="0" hostname="Lenovo-PC" name="com.qa.tests.MenuPageButtonTest" tests="10" failures="0" timestamp="2020-04-27T11:21:20 IST" time="110.455" errors="0">
  <testcase name="checkHomePageScrolling" time="31.982" classname="com.qa.tests.MenuPageButtonTest"/>
  <testcase name="checkMenuPageHomeButton" time="6.446" classname="com.qa.tests.MenuPageButtonTest"/>
  <testcase name="checkMenuPageMyLoansButton" time="6.264" classname="com.qa.tests.MenuPageButtonTest"/>
  <testcase name="checkMenuPageMyProfileButton" time="8.861" classname="com.qa.tests.MenuPageButtonTest"/>
  <testcase name="checkMenuPageAllTransactionButton" time="9.065" classname="com.qa.tests.MenuPageButtonTest"/>
  <testcase name="checkMenuPageHelpAndSupportButton" time="8.145" classname="com.qa.tests.MenuPageButtonTest"/>
  <testcase name="checkMenuPageFAQButton" time="9.945" classname="com.qa.tests.MenuPageButtonTest"/>
  <testcase name="checkMenuPageLanguageSettingButton" time="10.210" classname="com.qa.tests.MenuPageButtonTest"/>
  <testcase name="checkMenuPageTroubleshootButton" time="10.559" classname="com.qa.tests.MenuPageButtonTest"/>
  <testcase name="checkMenuPageMyBankDetailsButton" time="8.978" classname="com.qa.tests.MenuPageButtonTest"/>
</testsuite> <!-- com.qa.tests.MenuPageButtonTest -->
