<?xml version="1.0" encoding="UTF-8"?>
<!-- Generated by org.testng.reporters.JUnitReportReporter -->
<testsuite skipped="0" hostname="Lenovo-PC" name="com.qa.tests.SigninWithEnglishLanguage" tests="12" failures="0" timestamp="2020-03-20T00:50:29 IST" time="79.895" errors="0">
  <testcase name="checkSignInButton" time="6.822" classname="com.qa.tests.SigninWithEnglishLanguage"/>
  <testcase name="checkEnglishLangButton" time="3.655" classname="com.qa.tests.SigninWithEnglishLanguage"/>
  <testcase name="checkAgreeAndContinueButton" time="1.811" classname="com.qa.tests.SigninWithEnglishLanguage"/>
  <testcase name="checkSmsAllowButton" time="1.276" classname="com.qa.tests.SigninWithEnglishLanguage"/>
  <testcase name="checkContactsAllowButton" time="1.279" classname="com.qa.tests.SigninWithEnglishLanguage"/>
  <testcase name="checkManagePhoneCallsAllowButton" time="1.219" classname="com.qa.tests.SigninWithEnglishLanguage"/>
  <testcase name="checkLocationAllowButton" time="2.519" classname="com.qa.tests.SigninWithEnglishLanguage"/>
  <testcase name="checkFBLoginButton" time="9.624" classname="com.qa.tests.SigninWithEnglishLanguage"/>
  <testcase name="checkFBLoginPage" time="17.802" classname="com.qa.tests.SigninWithEnglishLanguage"/>
  <testcase name="checkContinueLoginWithFBBtn" time="16.716" classname="com.qa.tests.SigninWithEnglishLanguage"/>
  <testcase name="checkCreatePassword" time="4.709" classname="com.qa.tests.SigninWithEnglishLanguage"/>
  <testcase name="checkConfirmPassword" time="12.463" classname="com.qa.tests.SigninWithEnglishLanguage"/>
</testsuite> <!-- com.qa.tests.SigninWithEnglishLanguage -->
