<?xml version="1.0" encoding="UTF-8"?>
<!-- Generated by org.testng.reporters.JUnitReportReporter -->
<testsuite skipped="0" hostname="Lenovo-PC" name="com.qa.tests.EditPersionalDetailsPageTests" tests="2" failures="0" timestamp="2020-03-08T23:48:10 IST" time="72.843" errors="0">
  <testcase name="checkHomePageScrolling" time="27.206" classname="com.qa.tests.EditPersionalDetailsPageTests"/>
  <testcase name="checkWithoutEnteringAnyValue" time="45.637" classname="com.qa.tests.EditPersionalDetailsPageTests"/>
</testsuite> <!-- com.qa.tests.EditPersionalDetailsPageTests -->
