<?xml version="1.0" encoding="UTF-8"?>
<!-- Generated by org.testng.reporters.JUnitReportReporter -->
<testsuite skipped="0" hostname="Lenovo-PC" name="com.qa.tests.HomePageTests" tests="1" failures="0" timestamp="2020-03-04T18:50:31 IST" time="34.343" errors="0">
  <testcase name="checkHomePageScrolling" time="34.343" classname="com.qa.tests.HomePageTests"/>
</testsuite> <!-- com.qa.tests.HomePageTests -->
