<?xml version="1.0" encoding="UTF-8"?>
<!-- Generated by org.testng.reporters.JUnitReportReporter -->
<testsuite skipped="0" hostname="Lenovo-PC" name="com.qa.tests.MenuPageButtonTest" tests="10" failures="0" timestamp="2020-03-15T15:33:13 IST" time="98.527" errors="0">
  <testcase name="checkHomePageScrolling" time="24.702" classname="com.qa.tests.MenuPageButtonTest"/>
  <testcase name="checkMenuPageHomeButton" time="6.899" classname="com.qa.tests.MenuPageButtonTest"/>
  <testcase name="checkMenuPageMyLoansButton" time="6.375" classname="com.qa.tests.MenuPageButtonTest"/>
  <testcase name="checkMenuPageMyProfileButton" time="8.784" classname="com.qa.tests.MenuPageButtonTest"/>
  <testcase name="checkMenuPageAllTransactionButton" time="8.257" classname="com.qa.tests.MenuPageButtonTest"/>
  <testcase name="checkMenuPageHelpAndSupportButton" time="7.928" classname="com.qa.tests.MenuPageButtonTest"/>
  <testcase name="checkMenuPageFAQButton" time="7.884" classname="com.qa.tests.MenuPageButtonTest"/>
  <testcase name="checkMenuPageLanguageSettingButton" time="8.884" classname="com.qa.tests.MenuPageButtonTest"/>
  <testcase name="checkMenuPageTroubleshootButton" time="11.763" classname="com.qa.tests.MenuPageButtonTest"/>
  <testcase name="checkMenuPageMyBankDetailsButton" time="7.051" classname="com.qa.tests.MenuPageButtonTest"/>
</testsuite> <!-- com.qa.tests.MenuPageButtonTest -->
