<?xml version="1.0" encoding="UTF-8"?>
<!-- Generated by org.testng.reporters.JUnitReportReporter -->
<testsuite skipped="0" hostname="Lenovo-PC" name="com.qa.tests.AddBankAccountPageTest" tests="3" failures="0" timestamp="2020-03-11T14:40:41 IST" time="75.428" errors="0">
  <testcase name="checkHomePageScrolling" time="29.723" classname="com.qa.tests.AddBankAccountPageTest"/>
  <testcase name="checkAddBankAccountPageWithCheckLeaf" time="25.942" classname="com.qa.tests.AddBankAccountPageTest"/>
  <testcase name="checkAddBankAccountWithIfscCodefPage" time="19.763" classname="com.qa.tests.AddBankAccountPageTest"/>
</testsuite> <!-- com.qa.tests.AddBankAccountPageTest -->
