<?xml version="1.0" encoding="UTF-8"?>
<!-- Generated by org.testng.reporters.JUnitReportReporter -->
<testsuite skipped="0" hostname="Lenovo-PC" name="com.qa.tests.SigninSigninButtonTests" tests="1" failures="0" timestamp="2020-03-11T18:15:48 IST" time="71.436" errors="0">
  <testcase name="checkConfirmPassword" time="71.436" classname="com.qa.tests.SigninSigninButtonTests"/>
</testsuite> <!-- com.qa.tests.SigninSigninButtonTests -->
