<?xml version="1.0" encoding="UTF-8"?>
<!-- Generated by org.testng.reporters.JUnitReportReporter -->
<testsuite skipped="0" hostname="Lenovo-PC" name="com.qa.tests.CompleteSigninButtonTests" tests="12" failures="0" timestamp="2020-03-18T19:38:52 IST" time="82.976" errors="0">
  <testcase name="checkSignInButton" time="7.031" classname="com.qa.tests.CompleteSigninButtonTests"/>
  <testcase name="checkEnglishLangButton" time="3.515" classname="com.qa.tests.CompleteSigninButtonTests"/>
  <testcase name="checkAgreeAndContinueButton" time="2.238" classname="com.qa.tests.CompleteSigninButtonTests"/>
  <testcase name="checkSmsAllowButton" time="1.405" classname="com.qa.tests.CompleteSigninButtonTests"/>
  <testcase name="checkContactsAllowButton" time="1.259" classname="com.qa.tests.CompleteSigninButtonTests"/>
  <testcase name="checkManagePhoneCallsAllowButton" time="1.225" classname="com.qa.tests.CompleteSigninButtonTests"/>
  <testcase name="checkLocationAllowButton" time="2.699" classname="com.qa.tests.CompleteSigninButtonTests"/>
  <testcase name="checkFBLoginButton" time="12.407" classname="com.qa.tests.CompleteSigninButtonTests"/>
  <testcase name="checkFBLoginPage" time="19.239" classname="com.qa.tests.CompleteSigninButtonTests"/>
  <testcase name="checkContinueLoginWithFBBtn" time="18.783" classname="com.qa.tests.CompleteSigninButtonTests"/>
  <testcase name="checkCreatePassword" time="4.583" classname="com.qa.tests.CompleteSigninButtonTests"/>
  <testcase name="checkConfirmPassword" time="8.592" classname="com.qa.tests.CompleteSigninButtonTests"/>
</testsuite> <!-- com.qa.tests.CompleteSigninButtonTests -->
