<?xml version="1.0" encoding="UTF-8"?>
<!-- Generated by org.testng.reporters.JUnitReportReporter -->
<testsuite skipped="0" hostname="Lenovo-PC" name="com.qa.tests.EditWorkDetailsPageTest" tests="2" failures="0" timestamp="2020-03-09T00:19:29 IST" time="59.476" errors="0">
  <testcase name="checkHomePageScrolling" time="27.925" classname="com.qa.tests.EditWorkDetailsPageTest"/>
  <testcase name="checkWithoutEnteringAnyValue" time="31.551" classname="com.qa.tests.EditWorkDetailsPageTest"/>
</testsuite> <!-- com.qa.tests.EditWorkDetailsPageTest -->
