<?xml version="1.0" encoding="UTF-8"?>
<!-- Generated by org.testng.reporters.JUnitReportReporter -->
<testsuite skipped="0" hostname="Lenovo-PC" name="com.qa.tests.AddBankAccountPageTest" tests="3" failures="0" timestamp="2020-03-09T18:51:26 IST" time="94.594" errors="0">
  <testcase name="checkHomePageScrolling" time="28.546" classname="com.qa.tests.AddBankAccountPageTest"/>
  <testcase name="checkAddBankAccountWithCheckLeafPage" time="34.093" classname="com.qa.tests.AddBankAccountPageTest"/>
  <testcase name="checkAddBankAccountWithIfscCodefPage" time="31.955" classname="com.qa.tests.AddBankAccountPageTest"/>
</testsuite> <!-- com.qa.tests.AddBankAccountPageTest -->
