<?xml version="1.0" encoding="UTF-8"?>
<!-- Generated by org.testng.reporters.JUnitReportReporter -->
<testsuite skipped="0" hostname="Lenovo-PC" name="com.qa.tests.MenuPageButtonTest" tests="10" failures="0" timestamp="2020-05-01T17:07:00 IST" time="110.249" errors="0">
  <testcase name="checkHomePageScrolling" time="31.803" classname="com.qa.tests.MenuPageButtonTest"/>
  <testcase name="checkMenuPageHomeButton" time="6.872" classname="com.qa.tests.MenuPageButtonTest"/>
  <testcase name="checkMenuPageMyLoansButton" time="6.711" classname="com.qa.tests.MenuPageButtonTest"/>
  <testcase name="checkMenuPageMyProfileButton" time="9.216" classname="com.qa.tests.MenuPageButtonTest"/>
  <testcase name="checkMenuPageAllTransactionButton" time="8.515" classname="com.qa.tests.MenuPageButtonTest"/>
  <testcase name="checkMenuPageHelpAndSupportButton" time="7.866" classname="com.qa.tests.MenuPageButtonTest"/>
  <testcase name="checkMenuPageFAQButton" time="10.044" classname="com.qa.tests.MenuPageButtonTest"/>
  <testcase name="checkMenuPageLanguageSettingButton" time="11.277" classname="com.qa.tests.MenuPageButtonTest"/>
  <testcase name="checkMenuPageTroubleshootButton" time="9.364" classname="com.qa.tests.MenuPageButtonTest"/>
  <testcase name="checkMenuPageMyBankDetailsButton" time="8.581" classname="com.qa.tests.MenuPageButtonTest"/>
</testsuite> <!-- com.qa.tests.MenuPageButtonTest -->
