<?xml version="1.0" encoding="UTF-8"?>
<!-- Generated by org.testng.reporters.JUnitReportReporter -->
<testsuite skipped="9" hostname="Lenovo-PC" name="com.qa.tests.SignupRegisterFullNameAndMobileNumberTests" tests="10" failures="0" timestamp="2020-03-15T14:54:29 IST" time="2.745" errors="1">
  <testcase name="beforeTest" time="2.745" classname="com.qa.tests.SignupRegisterFullNameAndMobileNumberTests">
    <error type="org.openqa.selenium.SessionNotCreatedException" message="Unable to create a new remote session. Please check the server log for more details. Original error: An unknown server-side error occurred while processing the command. Original error: Error executing adbExec. Original error: &#039;Command &#039;&#039;C:\\Users\\Amit singh\\AppData\\Local\\Android\\Sdk\\platform-tools\\adb.exe&#039; -P 5037 -s a58f9519 shell settings delete global hidden_api_policy_pre_p_apps&#039; exited with code 255&#039;; Stderr: &#039;Security exception: Permission denial: writing to settings requires:android.permission.WRITE_SECURE_SETTINGS

java.lang.SecurityException: Permission denial: writing to settings requires:android.permission.WRITE_SECURE_SETTINGS
	at com.android.providers.settings.SettingsProvider.enforceWritePermission(SettingsProvider.java:2028)
	at com.android.providers.settings.SettingsProvider.mutateGlobalSetting(SettingsProvider.java:1093)
	at com.android.providers.settings.SettingsProvider.deleteGlobalSetting(SettingsProvider.java:1076)
	at com.android.providers.settings.SettingsProvider.delete(SettingsProvider.java:666)
	at android.content.ContentProvider$Transport.delete(ContentProvider.java:408)
	at com.android.providers.settings.SettingsService$MyShellCommand.deleteForUser(SettingsService.java:406)
	at com.android.providers.settings.SettingsService$MyShellCommand.onCommand(SettingsService.java:289)
	at android.os.ShellCommand.exec(ShellCommand.java:103)
	at com.android.providers.settings.SettingsService.onShellCommand(SettingsService.java:51)
	at android.os.Binder.shellCommand(Binder.java:634)
	at android.os.Binder.onTransact(Binder.java:532)
	at android.os.Binder.execTransact(Binder.java:731)&#039;; Code: &#039;255&#039;
Build info: version: &#039;3.141.59&#039;, revision: &#039;e82be7d358&#039;, time: &#039;2018-11-14T08:17:03&#039;
System info: host: &#039;LENOVO-PC&#039;, ip: &#039;10.0.0.4&#039;, os.name: &#039;Windows 7&#039;, os.arch: &#039;amd64&#039;, os.version: &#039;6.1&#039;, java.version: &#039;1.8.0_131&#039;
Driver info: driver.version: AndroidDriver
remote stacktrace: UnknownError: An unknown server-side error occurred while processing the command. Original error: Error executing adbExec. Original error: &#039;Command &#039;&#039;C:\\Users\\Amit singh\\AppData\\Local\\Android\\Sdk\\platform-tools\\adb.exe&#039; -P 5037 -s a58f9519 shell settings delete global hidden_api_policy_pre_p_apps&#039; exited with code 255&#039;; Stderr: &#039;Security exception: Permission denial: writing to settings requires:android.permission.WRITE_SECURE_SETTINGS

java.lang.SecurityException: Permission denial: writing to settings requires:android.permission.WRITE_SECURE_SETTINGS
	at com.android.providers.settings.SettingsProvider.enforceWritePermission(SettingsProvider.java:2028)
	at com.android.providers.settings.SettingsProvider.mutateGlobalSetting(SettingsProvider.java:1093)
	at com.android.providers.settings.SettingsProvider.deleteGlobalSetting(SettingsProvider.java:1076)
	at com.android.providers.settings.SettingsProvider.delete(SettingsProvider.java:666)
	at android.content.ContentProvider$Transport.delete(ContentProvider.java:408)
	at com.android.providers.settings.SettingsService$MyShellCommand.deleteForUser(SettingsService.java:406)
	at com.android.providers.settings.SettingsService$MyShellCommand.onCommand(SettingsService.java:289)
	at android.os.ShellCommand.exec(ShellCommand.java:103)
	at com.android.providers.settings.SettingsService.onShellCommand(SettingsService.java:51)
	at android.os.Binder.shellCommand(Binder.java:634)
	at android.os.Binder.onTransact(Binder.java:532)
	at android.os.Binder.execTransact(Binder.java:731)&#039;; Code: &#039;255&#039;
    at getResponseForW3CError (C:\Program Files\Appium\resources\app\node_modules\appium\node_modules\appium-base-driver\lib\protocol\errors.js:804:9)
    at asyncHandler (C:\Program Files\Appium\resources\app\node_modules\appium\node_modules\appium-base-driver\lib\protocol\protocol.js:388:37)
    at process._tickCallback (internal/process/next_tick.js:68:7)
Build info: version: &#039;3.141.59&#039;, revision: &#039;e82be7d358&#039;, time: &#039;2018-11-14T08:17:03&#039;
System info: host: &#039;LENOVO-PC&#039;, ip: &#039;10.0.0.4&#039;, os.name: &#039;Windows 7&#039;, os.arch: &#039;amd64&#039;, os.version: &#039;6.1&#039;, java.version: &#039;1.8.0_131&#039;
Driver info: driver.version: AndroidDriver">
      <![CDATA[org.openqa.selenium.SessionNotCreatedException: Unable to create a new remote session. Please check the server log for more details. Original error: An unknown server-side error occurred while processing the command. Original error: Error executing adbExec. Original error: 'Command ''C:\\Users\\Amit singh\\AppData\\Local\\Android\\Sdk\\platform-tools\\adb.exe' -P 5037 -s a58f9519 shell settings delete global hidden_api_policy_pre_p_apps' exited with code 255'; Stderr: 'Security exception: Permission denial: writing to settings requires:android.permission.WRITE_SECURE_SETTINGS

java.lang.SecurityException: Permission denial: writing to settings requires:android.permission.WRITE_SECURE_SETTINGS
at com.android.providers.settings.SettingsProvider.enforceWritePermission(SettingsProvider.java:2028)
at com.android.providers.settings.SettingsProvider.mutateGlobalSetting(SettingsProvider.java:1093)
at com.android.providers.settings.SettingsProvider.deleteGlobalSetting(SettingsProvider.java:1076)
at com.android.providers.settings.SettingsProvider.delete(SettingsProvider.java:666)
at android.content.ContentProvider$Transport.delete(ContentProvider.java:408)
at com.android.providers.settings.SettingsService$MyShellCommand.deleteForUser(SettingsService.java:406)
at com.android.providers.settings.SettingsService$MyShellCommand.onCommand(SettingsService.java:289)
at android.os.ShellCommand.exec(ShellCommand.java:103)
at com.android.providers.settings.SettingsService.onShellCommand(SettingsService.java:51)
at android.os.Binder.shellCommand(Binder.java:634)
at android.os.Binder.onTransact(Binder.java:532)
at android.os.Binder.execTransact(Binder.java:731)'; Code: '255'
Build info: version: '3.141.59', revision: 'e82be7d358', time: '2018-11-14T08:17:03'
System info: host: 'LENOVO-PC', ip: '10.0.0.4', os.name: 'Windows 7', os.arch: 'amd64', os.version: '6.1', java.version: '1.8.0_131'
Driver info: driver.version: AndroidDriver
remote stacktrace: UnknownError: An unknown server-side error occurred while processing the command. Original error: Error executing adbExec. Original error: 'Command ''C:\\Users\\Amit singh\\AppData\\Local\\Android\\Sdk\\platform-tools\\adb.exe' -P 5037 -s a58f9519 shell settings delete global hidden_api_policy_pre_p_apps' exited with code 255'; Stderr: 'Security exception: Permission denial: writing to settings requires:android.permission.WRITE_SECURE_SETTINGS

java.lang.SecurityException: Permission denial: writing to settings requires:android.permission.WRITE_SECURE_SETTINGS
at com.android.providers.settings.SettingsProvider.enforceWritePermission(SettingsProvider.java:2028)
at com.android.providers.settings.SettingsProvider.mutateGlobalSetting(SettingsProvider.java:1093)
at com.android.providers.settings.SettingsProvider.deleteGlobalSetting(SettingsProvider.java:1076)
at com.android.providers.settings.SettingsProvider.delete(SettingsProvider.java:666)
at android.content.ContentProvider$Transport.delete(ContentProvider.java:408)
at com.android.providers.settings.SettingsService$MyShellCommand.deleteForUser(SettingsService.java:406)
at com.android.providers.settings.SettingsService$MyShellCommand.onCommand(SettingsService.java:289)
at android.os.ShellCommand.exec(ShellCommand.java:103)
at com.android.providers.settings.SettingsService.onShellCommand(SettingsService.java:51)
at android.os.Binder.shellCommand(Binder.java:634)
at android.os.Binder.onTransact(Binder.java:532)
at android.os.Binder.execTransact(Binder.java:731)'; Code: '255'
    at getResponseForW3CError (C:\Program Files\Appium\resources\app\node_modules\appium\node_modules\appium-base-driver\lib\protocol\errors.js:804:9)
    at asyncHandler (C:\Program Files\Appium\resources\app\node_modules\appium\node_modules\appium-base-driver\lib\protocol\protocol.js:388:37)
    at process._tickCallback (internal/process/next_tick.js:68:7)
Build info: version: '3.141.59', revision: 'e82be7d358', time: '2018-11-14T08:17:03'
System info: host: 'LENOVO-PC', ip: '10.0.0.4', os.name: 'Windows 7', os.arch: 'amd64', os.version: '6.1', java.version: '1.8.0_131'
Driver info: driver.version: AndroidDriver
at io.appium.java_client.remote.AppiumCommandExecutor$1.createSession(AppiumCommandExecutor.java:208)
at io.appium.java_client.remote.AppiumCommandExecutor.createSession(AppiumCommandExecutor.java:217)
at io.appium.java_client.remote.AppiumCommandExecutor.execute(AppiumCommandExecutor.java:239)
at org.openqa.selenium.remote.RemoteWebDriver.execute(RemoteWebDriver.java:552)
at io.appium.java_client.DefaultGenericMobileDriver.execute(DefaultGenericMobileDriver.java:41)
at io.appium.java_client.AppiumDriver.execute(AppiumDriver.java:1)
at io.appium.java_client.android.AndroidDriver.execute(AndroidDriver.java:1)
at org.openqa.selenium.remote.RemoteWebDriver.startSession(RemoteWebDriver.java:213)
at io.appium.java_client.AppiumDriver.startSession(AppiumDriver.java:336)
at org.openqa.selenium.remote.RemoteWebDriver.<init>(RemoteWebDriver.java:131)
at io.appium.java_client.DefaultGenericMobileDriver.<init>(DefaultGenericMobileDriver.java:37)
at io.appium.java_client.AppiumDriver.<init>(AppiumDriver.java:88)
at io.appium.java_client.AppiumDriver.<init>(AppiumDriver.java:98)
at io.appium.java_client.android.AndroidDriver.<init>(AndroidDriver.java:94)
at com.qa.BaseTestForSigninSignUp.beforeTest(BaseTestForSigninSignUp.java:119)
at sun.reflect.NativeMethodAccessorImpl.invoke0(Native Method)
at sun.reflect.NativeMethodAccessorImpl.invoke(NativeMethodAccessorImpl.java:62)
at sun.reflect.DelegatingMethodAccessorImpl.invoke(DelegatingMethodAccessorImpl.java:43)
at java.lang.reflect.Method.invoke(Method.java:498)
at org.testng.internal.MethodInvocationHelper.invokeMethod(MethodInvocationHelper.java:133)
at org.testng.internal.MethodInvocationHelper.invokeMethodConsideringTimeout(MethodInvocationHelper.java:62)
at org.testng.internal.ConfigInvoker.invokeConfigurationMethod(ConfigInvoker.java:340)
at org.testng.internal.ConfigInvoker.invokeConfigurations(ConfigInvoker.java:294)
at org.testng.TestRunner.invokeTestConfigurations(TestRunner.java:623)
at org.testng.TestRunner.beforeRun(TestRunner.java:613)
at org.testng.TestRunner.run(TestRunner.java:584)
at org.testng.SuiteRunner.runTest(SuiteRunner.java:402)
at org.testng.SuiteRunner.runSequentially(SuiteRunner.java:396)
at org.testng.SuiteRunner.privateRun(SuiteRunner.java:355)
at org.testng.SuiteRunner.run(SuiteRunner.java:304)
at org.testng.SuiteRunnerWorker.runSuite(SuiteRunnerWorker.java:53)
at org.testng.SuiteRunnerWorker.run(SuiteRunnerWorker.java:96)
at org.testng.TestNG.runSuitesSequentially(TestNG.java:1180)
at org.testng.TestNG.runSuitesLocally(TestNG.java:1102)
at org.testng.TestNG.runSuites(TestNG.java:1032)
at org.testng.TestNG.run(TestNG.java:1000)
at org.testng.remote.AbstractRemoteTestNG.run(AbstractRemoteTestNG.java:115)
at org.testng.remote.RemoteTestNG.initAndRun(RemoteTestNG.java:251)
at org.testng.remote.RemoteTestNG.main(RemoteTestNG.java:77)
Caused by: java.lang.reflect.InvocationTargetException
at sun.reflect.NativeMethodAccessorImpl.invoke0(Native Method)
at sun.reflect.NativeMethodAccessorImpl.invoke(NativeMethodAccessorImpl.java:62)
at sun.reflect.DelegatingMethodAccessorImpl.invoke(DelegatingMethodAccessorImpl.java:43)
at java.lang.reflect.Method.invoke(Method.java:498)
at io.appium.java_client.remote.AppiumCommandExecutor$1.createSession(AppiumCommandExecutor.java:186)
... 38 more
Caused by: org.openqa.selenium.WebDriverException: An unknown server-side error occurred while processing the command. Original error: Error executing adbExec. Original error: 'Command ''C:\\Users\\Amit singh\\AppData\\Local\\Android\\Sdk\\platform-tools\\adb.exe' -P 5037 -s a58f9519 shell settings delete global hidden_api_policy_pre_p_apps' exited with code 255'; Stderr: 'Security exception: Permission denial: writing to settings requires:android.permission.WRITE_SECURE_SETTINGS

java.lang.SecurityException: Permission denial: writing to settings requires:android.permission.WRITE_SECURE_SETTINGS
at com.android.providers.settings.SettingsProvider.enforceWritePermission(SettingsProvider.java:2028)
at com.android.providers.settings.SettingsProvider.mutateGlobalSetting(SettingsProvider.java:1093)
at com.android.providers.settings.SettingsProvider.deleteGlobalSetting(SettingsProvider.java:1076)
at com.android.providers.settings.SettingsProvider.delete(SettingsProvider.java:666)
at android.content.ContentProvider$Transport.delete(ContentProvider.java:408)
at com.android.providers.settings.SettingsService$MyShellCommand.deleteForUser(SettingsService.java:406)
at com.android.providers.settings.SettingsService$MyShellCommand.onCommand(SettingsService.java:289)
at android.os.ShellCommand.exec(ShellCommand.java:103)
at com.android.providers.settings.SettingsService.onShellCommand(SettingsService.java:51)
at android.os.Binder.shellCommand(Binder.java:634)
at android.os.Binder.onTransact(Binder.java:532)
at android.os.Binder.execTransact(Binder.java:731)'; Code: '255'
Build info: version: '3.141.59', revision: 'e82be7d358', time: '2018-11-14T08:17:03'
System info: host: 'LENOVO-PC', ip: '10.0.0.4', os.name: 'Windows 7', os.arch: 'amd64', os.version: '6.1', java.version: '1.8.0_131'
Driver info: driver.version: AndroidDriver
remote stacktrace: UnknownError: An unknown server-side error occurred while processing the command. Original error: Error executing adbExec. Original error: 'Command ''C:\\Users\\Amit singh\\AppData\\Local\\Android\\Sdk\\platform-tools\\adb.exe' -P 5037 -s a58f9519 shell settings delete global hidden_api_policy_pre_p_apps' exited with code 255'; Stderr: 'Security exception: Permission denial: writing to settings requires:android.permission.WRITE_SECURE_SETTINGS

java.lang.SecurityException: Permission denial: writing to settings requires:android.permission.WRITE_SECURE_SETTINGS
at com.android.providers.settings.SettingsProvider.enforceWritePermission(SettingsProvider.java:2028)
at com.android.providers.settings.SettingsProvider.mutateGlobalSetting(SettingsProvider.java:1093)
at com.android.providers.settings.SettingsProvider.deleteGlobalSetting(SettingsProvider.java:1076)
at com.android.providers.settings.SettingsProvider.delete(SettingsProvider.java:666)
at android.content.ContentProvider$Transport.delete(ContentProvider.java:408)
at com.android.providers.settings.SettingsService$MyShellCommand.deleteForUser(SettingsService.java:406)
at com.android.providers.settings.SettingsService$MyShellCommand.onCommand(SettingsService.java:289)
at android.os.ShellCommand.exec(ShellCommand.java:103)
at com.android.providers.settings.SettingsService.onShellCommand(SettingsService.java:51)
at android.os.Binder.shellCommand(Binder.java:634)
at android.os.Binder.onTransact(Binder.java:532)
at android.os.Binder.execTransact(Binder.java:731)'; Code: '255'
    at getResponseForW3CError (C:\Program Files\Appium\resources\app\node_modules\appium\node_modules\appium-base-driver\lib\protocol\errors.js:804:9)
    at asyncHandler (C:\Program Files\Appium\resources\app\node_modules\appium\node_modules\appium-base-driver\lib\protocol\protocol.js:388:37)
    at process._tickCallback (internal/process/next_tick.js:68:7)
at sun.reflect.NativeConstructorAccessorImpl.newInstance0(Native Method)
at sun.reflect.NativeConstructorAccessorImpl.newInstance(NativeConstructorAccessorImpl.java:62)
at sun.reflect.DelegatingConstructorAccessorImpl.newInstance(DelegatingConstructorAccessorImpl.java:45)
at java.lang.reflect.Constructor.newInstance(Constructor.java:423)
at org.openqa.selenium.remote.W3CHandshakeResponse.lambda$errorHandler$0(W3CHandshakeResponse.java:62)
at org.openqa.selenium.remote.HandshakeResponse.lambda$getResponseFunction$0(HandshakeResponse.java:30)
at org.openqa.selenium.remote.ProtocolHandshake.lambda$createSession$0(ProtocolHandshake.java:126)
at java.util.stream.ReferencePipeline$3$1.accept(ReferencePipeline.java:193)
at java.util.Spliterators$ArraySpliterator.tryAdvance(Spliterators.java:958)
at java.util.stream.ReferencePipeline.forEachWithCancel(ReferencePipeline.java:126)
at java.util.stream.AbstractPipeline.copyIntoWithCancel(AbstractPipeline.java:498)
at java.util.stream.AbstractPipeline.copyInto(AbstractPipeline.java:485)
at java.util.stream.AbstractPipeline.wrapAndCopyInto(AbstractPipeline.java:471)
at java.util.stream.FindOps$FindOp.evaluateSequential(FindOps.java:152)
at java.util.stream.AbstractPipeline.evaluate(AbstractPipeline.java:234)
at java.util.stream.ReferencePipeline.findFirst(ReferencePipeline.java:464)
at org.openqa.selenium.remote.ProtocolHandshake.createSession(ProtocolHandshake.java:128)
... 43 more
]]>
    </error>
  </testcase> <!-- beforeTest -->
  <testcase name="checkRegistrationInvalidName" time="0.000" classname="com.qa.tests.SignupRegisterFullNameAndMobileNumberTests">
    <skipped/>
  </testcase> <!-- checkRegistrationInvalidName -->
  <testcase name="checkRegistrationInvalidNumber" time="0.000" classname="com.qa.tests.SignupRegisterFullNameAndMobileNumberTests">
    <skipped/>
  </testcase> <!-- checkRegistrationInvalidNumber -->
  <testcase name="checkRegistrationInvalidNameBySpacelChar" time="0.000" classname="com.qa.tests.SignupRegisterFullNameAndMobileNumberTests">
    <skipped/>
  </testcase> <!-- checkRegistrationInvalidNameBySpacelChar -->
  <testcase name="checkRegistrationEmptyNameAndNumber" time="0.000" classname="com.qa.tests.SignupRegisterFullNameAndMobileNumberTests">
    <skipped/>
  </testcase> <!-- checkRegistrationEmptyNameAndNumber -->
  <testcase name="checkRegistrationEmptyNameValidNumber" time="0.000" classname="com.qa.tests.SignupRegisterFullNameAndMobileNumberTests">
    <skipped/>
  </testcase> <!-- checkRegistrationEmptyNameValidNumber -->
  <testcase name="checkRegistrationEmptyNumberValidName" time="0.000" classname="com.qa.tests.SignupRegisterFullNameAndMobileNumberTests">
    <skipped/>
  </testcase> <!-- checkRegistrationEmptyNumberValidName -->
  <testcase name="checkRegistrationSpaceInNumber" time="0.000" classname="com.qa.tests.SignupRegisterFullNameAndMobileNumberTests">
    <skipped/>
  </testcase> <!-- checkRegistrationSpaceInNumber -->
  <testcase name="checkRegistrationEightDigitsNumber" time="0.000" classname="com.qa.tests.SignupRegisterFullNameAndMobileNumberTests">
    <skipped/>
  </testcase> <!-- checkRegistrationEightDigitsNumber -->
  <testcase name="checkRegistrationWithValidNameAndNumber" time="0.000" classname="com.qa.tests.SignupRegisterFullNameAndMobileNumberTests">
    <skipped/>
  </testcase> <!-- checkRegistrationWithValidNameAndNumber -->
</testsuite> <!-- com.qa.tests.SignupRegisterFullNameAndMobileNumberTests -->
