<?xml version="1.0" encoding="UTF-8"?>
<!-- Generated by org.testng.reporters.JUnitReportReporter -->
<testsuite skipped="9" hostname="Lenovo-PC" name="com.qa.tests.SignupRegisterFullNameAndMobileNumberTests" tests="10" failures="0" timestamp="2020-04-04T17:54:07 IST" time="0.079" errors="1">
  <testcase name="beforeTest" time="0.079" classname="com.qa.tests.SignupRegisterFullNameAndMobileNumberTests">
    <error type="java.lang.NullPointerException">
      <![CDATA[java.lang.NullPointerException
at com.qa.BaseTestForSigninSignUp.beforeTest(BaseTestForSigninSignUp.java:172)
at sun.reflect.NativeMethodAccessorImpl.invoke0(Native Method)
at sun.reflect.NativeMethodAccessorImpl.invoke(NativeMethodAccessorImpl.java:62)
at sun.reflect.DelegatingMethodAccessorImpl.invoke(DelegatingMethodAccessorImpl.java:43)
at java.lang.reflect.Method.invoke(Method.java:498)
at org.testng.internal.MethodInvocationHelper.invokeMethod(MethodInvocationHelper.java:133)
at org.testng.internal.MethodInvocationHelper.invokeMethodConsideringTimeout(MethodInvocationHelper.java:62)
at org.testng.internal.ConfigInvoker.invokeConfigurationMethod(ConfigInvoker.java:340)
at org.testng.internal.ConfigInvoker.invokeConfigurations(ConfigInvoker.java:294)
at org.testng.TestRunner.invokeTestConfigurations(TestRunner.java:623)
at org.testng.TestRunner.beforeRun(TestRunner.java:613)
at org.testng.TestRunner.run(TestRunner.java:584)
at org.testng.SuiteRunner.runTest(SuiteRunner.java:402)
at org.testng.SuiteRunner.access$000(SuiteRunner.java:41)
at org.testng.SuiteRunner$SuiteWorker.run(SuiteRunner.java:443)
at org.testng.internal.thread.ThreadUtil.lambda$execute$0(ThreadUtil.java:67)
at java.util.concurrent.FutureTask.run(FutureTask.java:266)
at java.util.concurrent.ThreadPoolExecutor.runWorker(ThreadPoolExecutor.java:1142)
at java.util.concurrent.ThreadPoolExecutor$Worker.run(ThreadPoolExecutor.java:617)
at java.lang.Thread.run(Thread.java:748)
]]>
    </error>
  </testcase> <!-- beforeTest -->
  <testcase name="checkRegistrationInvalidName" time="0.000" classname="com.qa.tests.SignupRegisterFullNameAndMobileNumberTests">
    <skipped/>
  </testcase> <!-- checkRegistrationInvalidName -->
  <testcase name="checkRegistrationInvalidNumber" time="0.000" classname="com.qa.tests.SignupRegisterFullNameAndMobileNumberTests">
    <skipped/>
  </testcase> <!-- checkRegistrationInvalidNumber -->
  <testcase name="checkRegistrationInvalidNameBySpacelChar" time="0.000" classname="com.qa.tests.SignupRegisterFullNameAndMobileNumberTests">
    <skipped/>
  </testcase> <!-- checkRegistrationInvalidNameBySpacelChar -->
  <testcase name="checkRegistrationEmptyNameAndNumber" time="0.000" classname="com.qa.tests.SignupRegisterFullNameAndMobileNumberTests">
    <skipped/>
  </testcase> <!-- checkRegistrationEmptyNameAndNumber -->
  <testcase name="checkRegistrationEmptyNameValidNumber" time="0.000" classname="com.qa.tests.SignupRegisterFullNameAndMobileNumberTests">
    <skipped/>
  </testcase> <!-- checkRegistrationEmptyNameValidNumber -->
  <testcase name="checkRegistrationEmptyNumberValidName" time="0.000" classname="com.qa.tests.SignupRegisterFullNameAndMobileNumberTests">
    <skipped/>
  </testcase> <!-- checkRegistrationEmptyNumberValidName -->
  <testcase name="checkRegistrationSpaceInNumber" time="0.000" classname="com.qa.tests.SignupRegisterFullNameAndMobileNumberTests">
    <skipped/>
  </testcase> <!-- checkRegistrationSpaceInNumber -->
  <testcase name="checkRegistrationEightDigitsNumber" time="0.000" classname="com.qa.tests.SignupRegisterFullNameAndMobileNumberTests">
    <skipped/>
  </testcase> <!-- checkRegistrationEightDigitsNumber -->
  <testcase name="checkRegistrationWithValidNameAndNumber" time="0.000" classname="com.qa.tests.SignupRegisterFullNameAndMobileNumberTests">
    <skipped/>
  </testcase> <!-- checkRegistrationWithValidNameAndNumber -->
</testsuite> <!-- com.qa.tests.SignupRegisterFullNameAndMobileNumberTests -->
