<?xml version="1.0" encoding="UTF-8"?>
<!-- Generated by org.testng.reporters.JUnitReportReporter -->
<testsuite skipped="0" hostname="Lenovo-PC" name="com.qa.tests.KYCUploadDocumentsPageTests" tests="3" failures="0" timestamp="2020-03-09T13:10:42 IST" time="172.527" errors="0">
  <testcase name="checkHomePageScrolling" time="27.845" classname="com.qa.tests.KYCUploadDocumentsPageTests"/>
  <testcase name="checkUploadAadharFrontAsIDAndAddharBackAsAddressProofe" time="57.426" classname="com.qa.tests.KYCUploadDocumentsPageTests"/>
  <testcase name="checkUploadPanCardAsIDAndUtillityBillsAsAddressProofe" time="87.256" classname="com.qa.tests.KYCUploadDocumentsPageTests"/>
</testsuite> <!-- com.qa.tests.KYCUploadDocumentsPageTests -->
